Added Component: Designator=C1(FP-C0603C225K4PACTU-MFG)
Added Component: Designator=C2(FP-C0603C225K4PACTU-MFG)
Added Component: Designator=C3(CAPC2013X140X50ML20T25)
Added Component: Designator=C4(CAPC2013X140X50ML20T25)
Added Component: Designator=C5(FP-C0402-BB-MFG)
Added Component: Designator=C6(FP-C0402-BB-MFG)
Added Component: Designator=C7(FP-C0603C225K4PACTU-MFG)
Added Component: Designator=C8(CAPC1005X55X30LL05T10)
Added Component: Designator=C9(CAPC1005X55X30LL05T10)
Added Component: Designator=C10(CAPC1005X55X30LL05T10)
Added Component: Designator=C11(CAPC1005X55X30LL05T10)
Added Component: Designator=C12(CAPC1005X55X30LL05T10)
Added Component: Designator=C13(FP-C0603C225K4PACTU-MFG)
Added Component: Designator=C14(CAPC1005X55X30LL05T10)
Added Component: Designator=C15(CAPC1005X55X30LL05T10)
Added Component: Designator=C16(CAPC1005X55X30LL05T10)
Added Component: Designator=C17(CAPC1005X55X30LL05T10)
Added Component: Designator=C18(CAPC1005X55X30LL05T10)
Added Component: Designator=D1(FP-APHHS1005CGCK-MFG)
Added Component: Designator=D?(FP-SML-P11UTT86-MFG)
Added Component: Designator=FB1(WE-CBF_0603_L1.6W0.8H0.8_HC)
Added Component: Designator=J1(FP-473460001-MFG)
Added Component: Designator=J2(FP-TC2030-CTX-NL-MFG)
Added Component: Designator=J3(FP-XHP-6-MFG)
Added Component: Designator=R1(RESC1005X40X25ML10T10)
Added Component: Designator=R2(RESC1005X40X25LL10T10)
Added Component: Designator=R3(RESC1005X40X25LL05T05)
Added Component: Designator=R4(RESC1005X40X25LL05T05)
Added Component: Designator=R5(RESC1005X40X25ML10T10)
Added Component: Designator=R6(RESC1005X40X25NL10T10)
Added Component: Designator=R7(RESC1005X40X25NL10T10)
Added Component: Designator=U1(FP-AMS1117-IPC_C)
Added Component: Designator=U2(STM-UFQFPN48_L)
Added Component: Designator=U3(IS-QFN-24_V)
Added Component: Designator=X1(EPSON-TSX-3225_V)
Added Net: Name=+3.3V
Added Net: Name=+5V
Added Net: Name=GND
Added Net: Name=IMU_CPOUT
Added Net: Name=IMU_INT
Added Net: Name=IMU_REGOUT
Added Net: Name=IMU_SCL
Added Net: Name=IMU_SDA
Added Net: Name=LED_PWR_K
Added Net: Name=MCU_NRST
Added Net: Name=MCU_OSC_IN
Added Net: Name=MCU_OSC_OUT
Added Net: Name=MCU_PA4
Added Net: Name=MCU_PA5
Added Net: Name=MCU_PA6
Added Net: Name=MCU_PA7
Added Net: Name=MCU_SWCLK
Added Net: Name=MCU_SWDIO
Added Net: Name=MCU_SWO
Added Net: Name=MCU_VCAP1
Added Net: Name=NetD?_1
Added Net: Name=NetD?_2
Added Net: Name=NetR6_2
Added Net: Name=USB_D_N
Added Net: Name=USB_D_P
Added Net: Name=VBUS
Added Net: Name=XTAL_IN
Added Differential Pair: Name=USB_D
Added Rule: Name=Schematic Supply Nets
Added Rule: Name=Schematic Supply Nets_1
Added Rule: Name=Schematic Supply Nets_2
Added Rule: Name=Schematic Supply Nets_3
Added Class: Name=DIFF_USB
